<!DOCTYPE suite SYSTEM "https://testng.org/testng-1.0.dtd" >
<suite name="evcache-client-tests">
  <test name="MockTests">
    <classes>
      <class name="com.netflix.evcache.test.MockEVCacheTest" />
      <class name="com.netflix.evcache.test.SimpleEVCacheTest" />
    </classes>
  </test>
  <!-- Uncomment this if EVCacheServer based Tests need to be run. Needs Eureka and EVCache clusters
  <test name="EurekaTests">
    <classes>
      <class name="com.netflix.evcache.test.EVCacheTestDI" />
    </classes>
  </test>
   -->
</suite>